<?xml version="1.0" encoding="UTF-8"?>
<testng-results ignored="0" total="6" passed="6" failed="0" skipped="0">
  <reporter-output>
  </reporter-output>
  <suite started-at="2025-08-10T21:34:48 ICT" name="Main Test" finished-at="2025-08-10T21:36:03 ICT" duration-ms="75015">
    <groups>
      <group name="cucumber">
        <method signature="AbstractTestNGCucumberTests.runScenario(io.cucumber.testng.PickleWrapper,io.cucumber.testng.FeatureWrapper)[pri:0, instance:com.juaracoding.healthcare.runners.RunnerTest@6302bbb1]" name="runScenario" class="io.cucumber.testng.AbstractTestNGCucumberTests"/>
      </group> <!-- cucumber -->
    </groups>
    <test started-at="2025-08-10T21:34:48 ICT" name="Test Math" finished-at="2025-08-10T21:36:03 ICT" duration-ms="75015">
      <class name="com.juaracoding.healthcare.runners.RunnerTest">
        <test-method is-config="true" signature="setUpClass(org.testng.ITestContext)[pri:0, instance:com.juaracoding.healthcare.runners.RunnerTest@6302bbb1]" started-at="2025-08-10T21:34:48 ICT" name="setUpClass" finished-at="2025-08-10T21:34:49 ICT" duration-ms="1454" status="PASS">
          <params>
            <param index="0">
              <value>
                <![CDATA[org.testng.TestRunner@1283ca23]]>
              </value>
            </param>
          </params>
          <reporter-output>
          </reporter-output>
        </test-method> <!-- setUpClass -->
        <test-method signature="runScenario(io.cucumber.testng.PickleWrapper,io.cucumber.testng.FeatureWrapper)[pri:0, instance:com.juaracoding.healthcare.runners.RunnerTest@6302bbb1]" started-at="2025-08-10T21:34:49 ICT" name="runScenario" description="Runs Cucumber Scenarios" data-provider="scenarios" finished-at="2025-08-10T21:35:06 ICT" duration-ms="16174" status="PASS">
          <params>
            <param index="0">
              <value>
                <![CDATA["Memilih fasilitas kesehatan dan memesan tanggal janji temu"]]>
              </value>
            </param>
            <param index="1">
              <value>
                <![CDATA["booking appointment"]]>
              </value>
            </param>
          </params>
          <reporter-output>
          </reporter-output>
        </test-method> <!-- runScenario -->
        <test-method signature="runScenario(io.cucumber.testng.PickleWrapper,io.cucumber.testng.FeatureWrapper)[pri:0, instance:com.juaracoding.healthcare.runners.RunnerTest@6302bbb1]" started-at="2025-08-10T21:35:06 ICT" name="runScenario" description="Runs Cucumber Scenarios" data-provider="scenarios" finished-at="2025-08-10T21:35:17 ICT" duration-ms="11565" status="PASS">
          <params>
            <param index="0">
              <value>
                <![CDATA["Positive Sign In Cura Healthcare Service"]]>
              </value>
            </param>
            <param index="1">
              <value>
                <![CDATA["Authentication Feature"]]>
              </value>
            </param>
          </params>
          <reporter-output>
          </reporter-output>
        </test-method> <!-- runScenario -->
        <test-method signature="runScenario(io.cucumber.testng.PickleWrapper,io.cucumber.testng.FeatureWrapper)[pri:0, instance:com.juaracoding.healthcare.runners.RunnerTest@6302bbb1]" started-at="2025-08-10T21:35:17 ICT" name="runScenario" description="Runs Cucumber Scenarios" data-provider="scenarios" finished-at="2025-08-10T21:35:28 ICT" duration-ms="11272" status="PASS">
          <params>
            <param index="0">
              <value>
                <![CDATA["Negative Sign In Cura Healthcare Service"]]>
              </value>
            </param>
            <param index="1">
              <value>
                <![CDATA["Authentication Feature"]]>
              </value>
            </param>
          </params>
          <reporter-output>
          </reporter-output>
        </test-method> <!-- runScenario -->
        <test-method signature="runScenario(io.cucumber.testng.PickleWrapper,io.cucumber.testng.FeatureWrapper)[pri:0, instance:com.juaracoding.healthcare.runners.RunnerTest@6302bbb1]" started-at="2025-08-10T21:35:28 ICT" name="runScenario" description="Runs Cucumber Scenarios" data-provider="scenarios" finished-at="2025-08-10T21:35:40 ICT" duration-ms="11478" status="PASS">
          <params>
            <param index="0">
              <value>
                <![CDATA["Negative Sign In Cura Healthcare Service"]]>
              </value>
            </param>
            <param index="1">
              <value>
                <![CDATA["Authentication Feature"]]>
              </value>
            </param>
          </params>
          <reporter-output>
          </reporter-output>
        </test-method> <!-- runScenario -->
        <test-method signature="runScenario(io.cucumber.testng.PickleWrapper,io.cucumber.testng.FeatureWrapper)[pri:0, instance:com.juaracoding.healthcare.runners.RunnerTest@6302bbb1]" started-at="2025-08-10T21:35:40 ICT" name="runScenario" description="Runs Cucumber Scenarios" data-provider="scenarios" finished-at="2025-08-10T21:35:51 ICT" duration-ms="10910" status="PASS">
          <params>
            <param index="0">
              <value>
                <![CDATA["Negative Sign In Cura Healthcare Service"]]>
              </value>
            </param>
            <param index="1">
              <value>
                <![CDATA["Authentication Feature"]]>
              </value>
            </param>
          </params>
          <reporter-output>
          </reporter-output>
        </test-method> <!-- runScenario -->
        <test-method signature="runScenario(io.cucumber.testng.PickleWrapper,io.cucumber.testng.FeatureWrapper)[pri:0, instance:com.juaracoding.healthcare.runners.RunnerTest@6302bbb1]" started-at="2025-08-10T21:35:51 ICT" name="runScenario" description="Runs Cucumber Scenarios" data-provider="scenarios" finished-at="2025-08-10T21:36:02 ICT" duration-ms="11491" status="PASS">
          <params>
            <param index="0">
              <value>
                <![CDATA["Negative Sign In Cura Healthcare Service"]]>
              </value>
            </param>
            <param index="1">
              <value>
                <![CDATA["Authentication Feature"]]>
              </value>
            </param>
          </params>
          <reporter-output>
          </reporter-output>
        </test-method> <!-- runScenario -->
        <test-method is-config="true" signature="tearDownClass()[pri:0, instance:com.juaracoding.healthcare.runners.RunnerTest@6302bbb1]" started-at="2025-08-10T21:36:02 ICT" name="tearDownClass" finished-at="2025-08-10T21:36:03 ICT" duration-ms="606" status="PASS">
          <reporter-output>
          </reporter-output>
        </test-method> <!-- tearDownClass -->
      </class> <!-- com.juaracoding.healthcare.runners.RunnerTest -->
    </test> <!-- Test Math -->
  </suite> <!-- Main Test -->
</testng-results>
